<?xml version="1.0" encoding="UTF-8"?>
<!-- Generated by org.testng.reporters.JUnitReportReporter -->
<testsuite hostname="Yamunas-MacBook-Pro.local" failures="0" tests="1" name="com.api.TestBase.BaseTest" time="0.008" errors="0" timestamp="2020-05-14T12:33:55 PDT" skipped="0">
  <testcase classname="com.api.TestBase.BaseTest" name="utilsTest" time="0.008"/>
</testsuite> <!-- com.api.TestBase.BaseTest -->
