<?xml version="1.0" encoding="UTF-8"?>
<!-- Generated by org.testng.reporters.JUnitReportReporter -->
<testsuite hostname="Yamunas-MacBook-Pro.local" failures="0" tests="1" name="com.restAssured.tests.DeleteAPITest" time="0.587" errors="0" timestamp="2020-05-19T16:17:13 PDT" skipped="0">
  <testcase classname="com.restAssured.tests.DeleteAPITest" name="deleteRequest" time="0.587"/>
</testsuite> <!-- com.restAssured.tests.DeleteAPITest -->
